This is pdfTeX, Version 3.14159265-2.6-1.40.19 (MiKTeX 2.9.6800 64-bit) (preloaded format=pdflatex 2018.9.18)  9 APR 2019 13:51
entering extended mode
**"./User Manual.tex"
("User Manual.tex"
LaTeX2e <2018-04-01> patch level 5
("C:\Users\konst\AppData\Local\Programs\MiKTeX 2.9\tex\latex\base\article.cls"
Document Class: article 2014/09/29 v1.4h Standard LaTeX document class
("C:\Users\konst\AppData\Local\Programs\MiKTeX 2.9\tex\latex\base\size11.clo"
File: size11.clo 2014/09/29 v1.4h Standard LaTeX file (size option)
)
\c@part=\count80
\c@section=\count81
\c@subsection=\count82
\c@subsubsection=\count83
\c@paragraph=\count84
\c@subparagraph=\count85
\c@figure=\count86
\c@table=\count87
\abovecaptionskip=\skip41
\belowcaptionskip=\skip42
\bibindent=\dimen102
) ("C:\Users\konst\AppData\Local\Programs\MiKTeX 2.9\tex\latex\base\inputenc.st
y"
Package: inputenc 2018/04/06 v1.3b Input encoding file
\inpenc@prehook=\toks14
\inpenc@posthook=\toks15
) ("C:\Users\konst\AppData\Local\Programs\MiKTeX 2.9\tex\latex\base\fontenc.sty
"
Package: fontenc 2017/04/05 v2.0i Standard LaTeX package
 ("C:\Users\konst\AppData\Local\Programs\MiKTeX 2.9\tex\latex\base\t1enc.def"
File: t1enc.def 2017/04/05 v2.0i Standard LaTeX file
LaTeX Font Info:    Redeclaring font encoding T1 on input line 48.
))
("C:\Users\konst\AppData\Local\Programs\MiKTeX 2.9\tex\latex\graphics\graphicx.
sty"
Package: graphicx 2017/06/01 v1.1a Enhanced LaTeX Graphics (DPC,SPQR)

("C:\Users\konst\AppData\Local\Programs\MiKTeX 2.9\tex\latex\graphics\keyval.st
y"
Package: keyval 2014/10/28 v1.15 key=value parser (DPC)
\KV@toks@=\toks16
)
("C:\Users\konst\AppData\Local\Programs\MiKTeX 2.9\tex\latex\graphics\graphics.
sty"
Package: graphics 2017/06/25 v1.2c Standard LaTeX Graphics (DPC,SPQR)

("C:\Users\konst\AppData\Local\Programs\MiKTeX 2.9\tex\latex\graphics\trig.sty"
Package: trig 2016/01/03 v1.10 sin cos tan (DPC)
)
("C:\Users\konst\AppData\Local\Programs\MiKTeX 2.9\tex\latex\graphics-cfg\graph
ics.cfg"
File: graphics.cfg 2016/06/04 v1.11 sample graphics configuration
)
Package graphics Info: Driver file: pdftex.def on input line 99.

("C:\Users\konst\AppData\Local\Programs\MiKTeX 2.9\tex\latex\graphics-def\pdfte
x.def"
File: pdftex.def 2018/01/08 v1.0l Graphics/color driver for pdftex
))
\Gin@req@height=\dimen103
\Gin@req@width=\dimen104
)
("C:\Users\konst\AppData\Local\Programs\MiKTeX 2.9\tex\latex\psnfss\mathpazo.st
y"
Package: mathpazo 2005/04/12 PSNFSS-v9.2a Palatino w/ Pazo Math (D.Puga, WaS) 
\symupright=\mathgroup4
)
("C:\Users\konst\AppData\Local\Programs\MiKTeX 2.9\tex\latex\geometry\geometry.
sty"
Package: geometry 2018/04/16 v5.8 Page Geometry

("C:\Users\konst\AppData\Local\Programs\MiKTeX 2.9\tex\generic\oberdiek\ifpdf.s
ty"
Package: ifpdf 2017/03/15 v3.2 Provides the ifpdf switch
)
("C:\Users\konst\AppData\Local\Programs\MiKTeX 2.9\tex\generic\oberdiek\ifvtex.
sty"
Package: ifvtex 2016/05/16 v1.6 Detect VTeX and its facilities (HO)
Package ifvtex Info: VTeX not detected.
)
("C:\Users\konst\AppData\Local\Programs\MiKTeX 2.9\tex\generic\ifxetex\ifxetex.
sty"
Package: ifxetex 2010/09/12 v0.6 Provides ifxetex conditional
)
\Gm@cnth=\count88
\Gm@cntv=\count89
\c@Gm@tempcnt=\count90
\Gm@bindingoffset=\dimen105
\Gm@wd@mp=\dimen106
\Gm@odd@mp=\dimen107
\Gm@even@mp=\dimen108
\Gm@layoutwidth=\dimen109
\Gm@layoutheight=\dimen110
\Gm@layouthoffset=\dimen111
\Gm@layoutvoffset=\dimen112
\Gm@dimlist=\toks17

("C:\Users\konst\AppData\Local\Programs\MiKTeX 2.9\tex\latex\geometry\geometry.
cfg"))
("C:\Users\konst\AppData\Local\Programs\MiKTeX 2.9\tex\latex\fancyhdr\fancyhdr.
sty"
Package: fancyhdr 2019/01/31 v3.10 Extensive control of page headers and footer
s
\f@nch@headwidth=\skip43
\f@nch@O@elh=\skip44
\f@nch@O@erh=\skip45
\f@nch@O@olh=\skip46
\f@nch@O@orh=\skip47
\f@nch@O@elf=\skip48
\f@nch@O@erf=\skip49
\f@nch@O@olf=\skip50
\f@nch@O@orf=\skip51
)
("C:\Users\konst\AppData\Local\Programs\MiKTeX 2.9\tex\latex\float\float.sty"
Package: float 2001/11/08 v1.3d Float enhancements (AL)
\c@float@type=\count91
\float@exts=\toks18
\float@box=\box26
\@float@everytoks=\toks19
\@floatcapt=\box27
)
("User Manual.aux"

LaTeX Warning: Label `fig:tobias' multiply defined.


LaTeX Warning: Label `fig:tobias' multiply defined.


LaTeX Warning: Label `fig:tobias' multiply defined.


LaTeX Warning: Label `fig:tobias' multiply defined.


LaTeX Warning: Label `fig:tobias' multiply defined.


LaTeX Warning: Label `fig:tobias' multiply defined.


LaTeX Warning: Label `fig:tobias' multiply defined.


LaTeX Warning: Label `fig:tobias' multiply defined.


LaTeX Warning: Label `fig:tobias' multiply defined.


LaTeX Warning: Label `fig:tobias' multiply defined.


LaTeX Warning: Label `fig:tobias' multiply defined.


LaTeX Warning: Label `fig:tobias' multiply defined.


LaTeX Warning: Label `fig:tobias' multiply defined.


LaTeX Warning: Label `fig:tobias' multiply defined.


LaTeX Warning: Label `fig:tobias' multiply defined.


LaTeX Warning: Label `fig:tobias' multiply defined.


LaTeX Warning: Label `fig:tobias' multiply defined.


LaTeX Warning: Label `fig:tobias' multiply defined.


LaTeX Warning: Label `fig:tobias' multiply defined.


LaTeX Warning: Label `fig:tobias' multiply defined.


LaTeX Warning: Label `fig:tobias' multiply defined.


LaTeX Warning: Label `fig:tobias' multiply defined.


LaTeX Warning: Label `fig:tobias' multiply defined.

)
\openout1 = `"User Manual.aux"'.

LaTeX Font Info:    Checking defaults for OML/cmm/m/it on input line 55.
LaTeX Font Info:    ... okay on input line 55.
LaTeX Font Info:    Checking defaults for T1/cmr/m/n on input line 55.
LaTeX Font Info:    ... okay on input line 55.
LaTeX Font Info:    Checking defaults for OT1/cmr/m/n on input line 55.
LaTeX Font Info:    ... okay on input line 55.
LaTeX Font Info:    Checking defaults for OMS/cmsy/m/n on input line 55.
LaTeX Font Info:    ... okay on input line 55.
LaTeX Font Info:    Checking defaults for OMX/cmex/m/n on input line 55.
LaTeX Font Info:    ... okay on input line 55.
LaTeX Font Info:    Checking defaults for U/cmr/m/n on input line 55.
LaTeX Font Info:    ... okay on input line 55.
LaTeX Font Info:    Try loading font information for T1+ppl on input line 55.
 ("C:\Users\konst\AppData\Local\Programs\MiKTeX 2.9\tex\latex\psnfss\t1ppl.fd"
File: t1ppl.fd 2001/06/04 font definitions for T1/ppl.
)
("C:\Users\konst\AppData\Local\Programs\MiKTeX 2.9\tex\context\base\supp-pdf.mk
ii"
[Loading MPS to PDF converter (version 2006.09.02).]
\scratchcounter=\count92
\scratchdimen=\dimen113
\scratchbox=\box28
\nofMPsegments=\count93
\nofMParguments=\count94
\everyMPshowfont=\toks20
\MPscratchCnt=\count95
\MPscratchDim=\dimen114
\MPnumerator=\count96
\makeMPintoPDFobject=\count97
\everyMPtoPDFconversion=\toks21
)
("C:\Users\konst\AppData\Local\Programs\MiKTeX 2.9\tex\latex\oberdiek\epstopdf-
base.sty"
Package: epstopdf-base 2016/05/15 v2.6 Base part for package epstopdf

("C:\Users\konst\AppData\Local\Programs\MiKTeX 2.9\tex\generic\oberdiek\infware
rr.sty"
Package: infwarerr 2016/05/16 v1.4 Providing info/warning/error messages (HO)
)
("C:\Users\konst\AppData\Local\Programs\MiKTeX 2.9\tex\latex\oberdiek\grfext.st
y"
Package: grfext 2016/05/16 v1.2 Manage graphics extensions (HO)

("C:\Users\konst\AppData\Local\Programs\MiKTeX 2.9\tex\generic\oberdiek\kvdefin
ekeys.sty"
Package: kvdefinekeys 2016/05/16 v1.4 Define keys (HO)

("C:\Users\konst\AppData\Local\Programs\MiKTeX 2.9\tex\generic\oberdiek\ltxcmds
.sty"
Package: ltxcmds 2016/05/16 v1.23 LaTeX kernel commands for general use (HO)
)))
("C:\Users\konst\AppData\Local\Programs\MiKTeX 2.9\tex\latex\oberdiek\kvoptions
.sty"
Package: kvoptions 2016/05/16 v3.12 Key value format for package options (HO)

("C:\Users\konst\AppData\Local\Programs\MiKTeX 2.9\tex\generic\oberdiek\kvsetke
ys.sty"
Package: kvsetkeys 2016/05/16 v1.17 Key value parser (HO)

("C:\Users\konst\AppData\Local\Programs\MiKTeX 2.9\tex\generic\oberdiek\etexcmd
s.sty"
Package: etexcmds 2016/05/16 v1.6 Avoid name clashes with e-TeX commands (HO)

("C:\Users\konst\AppData\Local\Programs\MiKTeX 2.9\tex\generic\oberdiek\ifluate
x.sty"
Package: ifluatex 2016/05/16 v1.4 Provides the ifluatex switch (HO)
Package ifluatex Info: LuaTeX not detected.
)
Package etexcmds Info: Could not find \expanded.
(etexcmds)             That can mean that you are not using pdfTeX 1.50 or
(etexcmds)             that some package has redefined \expanded.
(etexcmds)             In the latter case, load this package earlier.
)))
("C:\Users\konst\AppData\Local\Programs\MiKTeX 2.9\tex\generic\oberdiek\pdftexc
mds.sty"
Package: pdftexcmds 2018/01/30 v0.27 Utility functions of pdfTeX for LuaTeX (HO
)
Package pdftexcmds Info: LuaTeX not detected.
Package pdftexcmds Info: \pdf@primitive is available.
Package pdftexcmds Info: \pdf@ifprimitive is available.
Package pdftexcmds Info: \pdfdraftmode found.
)
Package epstopdf-base Info: Redefining graphics rule for `.eps' on input line 4
38.
Package grfext Info: Graphics extension search list:
(grfext)             [.pdf,.png,.jpg,.mps,.jpeg,.jbig2,.jb2,.PDF,.PNG,.JPG,.JPE
G,.JBIG2,.JB2,.eps]
(grfext)             \AppendGraphicsExtensions on input line 456.
)
\big@size=\dimen115

*geometry* driver: auto-detecting
*geometry* detected driver: pdftex
*geometry* verbose mode - [ preamble ] result:
* driver: pdftex
* paper: legalpaper
* layout: <same size as paper>
* layoutoffset:(h,v)=(0.0pt,0.0pt)
* modes: 
* h-part:(L,W,R)=(65.04256pt, 484.20988pt, 65.04256pt)
* v-part:(T,H,B)=(65.04256pt, 881.69489pt, 65.04256pt)
* \paperwidth=614.295pt
* \paperheight=1011.78pt
* \textwidth=484.20988pt
* \textheight=881.69489pt
* \oddsidemargin=-7.22743pt
* \evensidemargin=-7.22743pt
* \topmargin=-44.22743pt
* \headheight=12.0pt
* \headsep=25.0pt
* \topskip=11.0pt
* \footskip=30.0pt
* \marginparwidth=59.0pt
* \marginparsep=10.0pt
* \columnsep=10.0pt
* \skip\footins=10.0pt plus 4.0pt minus 2.0pt
* \hoffset=0.0pt
* \voffset=0.0pt
* \mag=1000
* \@twocolumnfalse
* \@twosidefalse
* \@mparswitchfalse
* \@reversemarginfalse
* (1in=72.27pt=25.4mm, 1cm=28.453pt)

LaTeX Font Info:    Font shape `T1/ppl/bx/n' in size <24.88> not available
(Font)              Font shape `T1/ppl/b/n' tried instead on input line 85.
<UR.png, id=1, 794.97pt x 316.3017pt>
File: UR.png Graphic file (type png)
<use UR.png>
Package pdftex.def Info: UR.png  used on input line 123.
(pdftex.def)             Requested size: 338.94543pt x 134.86322pt.
[1

{C:/Users/konst/AppData/Local/MiKTeX/2.9/pdftex/config/pdftex.map} <./UR.png>]
LaTeX Font Info:    Font shape `T1/ppl/bx/n' in size <14.4> not available
(Font)              Font shape `T1/ppl/b/n' tried instead on input line 146.
 ("User Manual.toc"
LaTeX Font Info:    Font shape `T1/ppl/bx/n' in size <10.95> not available
(Font)              Font shape `T1/ppl/b/n' tried instead on input line 1.
LaTeX Font Info:    Try loading font information for OT1+ppl on input line 3.

("C:\Users\konst\AppData\Local\Programs\MiKTeX 2.9\tex\latex\psnfss\ot1ppl.fd"
File: ot1ppl.fd 2001/06/04 font definitions for OT1/ppl.
)
LaTeX Font Info:    Try loading font information for OML+zplm on input line 3.
("C:\Users\konst\AppData\Local\Programs\MiKTeX 2.9\tex\latex\psnfss\omlzplm.fd"
File: omlzplm.fd 2002/09/08 Fontinst v1.914 font definitions for OML/zplm.
)
LaTeX Font Info:    Try loading font information for OMS+zplm on input line 3.
 ("C:\Users\konst\AppData\Local\Programs\MiKTeX 2.9\tex\latex\psnfss\omszplm.fd
"
File: omszplm.fd 2002/09/08 Fontinst v1.914 font definitions for OMS/zplm.
)
LaTeX Font Info:    Try loading font information for OMX+zplm on input line 3.

("C:\Users\konst\AppData\Local\Programs\MiKTeX 2.9\tex\latex\psnfss\omxzplm.fd"
File: omxzplm.fd 2002/09/08 Fontinst v1.914 font definitions for OMX/zplm.
)
LaTeX Font Info:    Try loading font information for OT1+zplm on input line 3.
 ("C:\Users\konst\AppData\Local\Programs\MiKTeX 2.9\tex\latex\psnfss\ot1zplm.fd
"
File: ot1zplm.fd 2002/09/08 Fontinst v1.914 font definitions for OT1/zplm.
))
\tf@toc=\write3
\openout3 = `"User Manual.toc"'.



Package Fancyhdr Warning: \headheight is too small (12.0pt): 
Make it at least 13.59999pt.
We now make it that large for the rest of the document.
This may cause the page layout to be inconsistent, however.

[1] ("User Manual.lof")
\tf@lof=\write4
\openout4 = `"User Manual.lof"'.

 [2]
<Navigation.png, id=16, 181.10518pt x 704.6325pt>
File: Navigation.png Graphic file (type png)
<use Navigation.png>
Package pdftex.def Info: Navigation.png  used on input line 161.
(pdftex.def)             Requested size: 72.26999pt x 281.1814pt.
<nav-small.png, id=17, 46.88947pt x 352.74643pt>
File: nav-small.png Graphic file (type png)
<use nav-small.png>
Package pdftex.def Info: nav-small.png  used on input line 169.
(pdftex.def)             Requested size: 21.68121pt x 163.10498pt.
 [3 <./Navigation.png> <./nav-small.png>]
LaTeX Font Info:    Font shape `T1/ppl/bx/n' in size <12> not available
(Font)              Font shape `T1/ppl/b/n' tried instead on input line 178.
<workorders.png, id=23, 1174.81767pt x 753.67285pt>
File: workorders.png Graphic file (type png)
<use workorders.png>
Package pdftex.def Info: workorders.png  used on input line 182.
(pdftex.def)             Requested size: 361.34999pt x 231.80765pt.

Underfull \hbox (badness 10000) in paragraph at lines 187--190

 []

<Filter.png, id=24, 350.16536pt x 67.53804pt>
File: Filter.png Graphic file (type png)
<use Filter.png>
Package pdftex.def Info: Filter.png  used on input line 194.
(pdftex.def)             Requested size: 216.81pt x 41.81749pt.
<filter-selected.png, id=25, 347.58429pt x 276.17464pt>
File: filter-selected.png Graphic file (type png)
<use filter-selected.png>
Package pdftex.def Info: filter-selected.png  used on input line 200.
(pdftex.def)             Requested size: 216.81pt x 172.26736pt.
<cancelled.png, id=26, 773.89125pt x 188.41821pt>
File: cancelled.png Graphic file (type png)
<use cancelled.png>
Package pdftex.def Info: cancelled.png  used on input line 208.
(pdftex.def)             Requested size: 361.34999pt x 87.97868pt.
[4 <./workorders.png> <./Filter.png> <./filter-selected.png>]
Underfull \hbox (badness 10000) in paragraph at lines 212--215

 []

<search.png, id=32, 238.7491pt x 30.54268pt>
File: search.png Graphic file (type png)
<use search.png>
Package pdftex.def Info: search.png  used on input line 219.
(pdftex.def)             Requested size: 361.34999pt x 46.2324pt.
<searched-table.png, id=33, 771.31018pt x 211.64786pt>
File: searched-table.png Graphic file (type png)
<use searched-table.png>
Package pdftex.def Info: searched-table.png  used on input line 227.
(pdftex.def)             Requested size: 361.34999pt x 99.158pt.
<showing.png, id=34, 122.60089pt x 30.54268pt>
File: showing.png Graphic file (type png)
<use showing.png>
Package pdftex.def Info: showing.png  used on input line 235.
(pdftex.def)             Requested size: 361.34999pt x 90.02507pt.
<next.png, id=35, 200.03304pt x 35.27464pt>
File: next.png Graphic file (type png)
<use next.png>
Package pdftex.def Info: next.png  used on input line 243.
(pdftex.def)             Requested size: 361.34999pt x 63.72194pt.
[5 <./cancelled.png> <./search.png> <./searched-table.png> <./showing.png> <./n
ext.png>]
<details.png, id=44, 891.33pt x 579.8807pt>
File: details.png Graphic file (type png)
<use details.png>
Package pdftex.def Info: details.png  used on input line 253.
(pdftex.def)             Requested size: 361.34999pt x 235.0893pt.
<comment-button.png, id=45, 139.37785pt x 36.135pt>
File: comment-button.png Graphic file (type png)
<use comment-button.png>
Package pdftex.def Info: comment-button.png  used on input line 261.
(pdftex.def)             Requested size: 216.81pt x 56.21043pt.
<add-comment.png, id=46, 376.83643pt x 182.8259pt>
File: add-comment.png Graphic file (type png)
<use add-comment.png>
Package pdftex.def Info: add-comment.png  used on input line 268.
(pdftex.def)             Requested size: 361.34999pt x 175.32115pt.
<comment.png, id=47, 776.04214pt x 156.585pt>
File: comment.png Graphic file (type png)
<use comment.png>
Package pdftex.def Info: comment.png  used on input line 275.
(pdftex.def)             Requested size: 361.34999pt x 72.9116pt.
<Change-Status-button.png, id=48, 133.35536pt x 32.2634pt>
File: Change-Status-button.png Graphic file (type png)
<use Change-Status-button.png>
Package pdftex.def Info: Change-Status-button.png  used on input line 283.
(pdftex.def)             Requested size: 216.81pt x 52.45839pt.
 [6 <./details.png> <./comment-button.png> <./add-comment.png> <./comment.png>]
<add-change-status.png, id=56, 372.10446pt x 159.16608pt>
File: add-change-status.png Graphic file (type png)
<use add-change-status.png>
Package pdftex.def Info: add-change-status.png  used on input line 290.
(pdftex.def)             Requested size: 361.34999pt x 154.56819pt.
 [7 <./Change-Status-button.png> <./add-change-status.png>]
<new-workorder.png, id=62, 613.86482pt x 683.98393pt>
File: new-workorder.png Graphic file (type png)
<use new-workorder.png>
Package pdftex.def Info: new-workorder.png  used on input line 300.
(pdftex.def)             Requested size: 361.34999pt x 402.62859pt.
 [8 <./new-workorder.png>]
<material-table.png, id=67, 770.01964pt x 186.6975pt>
File: material-table.png Graphic file (type png)
<use material-table.png>
Package pdftex.def Info: material-table.png  used on input line 313.
(pdftex.def)             Requested size: 361.34999pt x 87.61394pt.
<calendar-month.png, id=68, 840.9991pt x 656.4525pt>
File: calendar-month.png Graphic file (type png)
<use calendar-month.png>
Package pdftex.def Info: calendar-month.png  used on input line 325.
(pdftex.def)             Requested size: 361.34999pt x 282.05872pt.
<calendar-week.png, id=69, 837.98785pt x 604.83107pt>
File: calendar-week.png Graphic file (type png)
<use calendar-week.png>
Package pdftex.def Info: calendar-week.png  used on input line 332.
(pdftex.def)             Requested size: 361.34999pt x 260.81061pt.
 [9 <./material-table.png> <./calendar-month.png>]
<calendar-day.png, id=75, 851.75357pt x 459.86089pt>
File: calendar-day.png Graphic file (type png)
<use calendar-day.png>
Package pdftex.def Info: calendar-day.png  used on input line 339.
(pdftex.def)             Requested size: 361.34999pt x 195.09094pt.
 [10 <./calendar-week.png> <./calendar-day.png>]
Underfull \hbox (badness 10000) in paragraph at lines 346--349

 []

<pmqa-notifications.png, id=81, 208.63661pt x 702.05142pt>
File: pmqa-notifications.png Graphic file (type png)
<use pmqa-notifications.png>
Package pdftex.def Info: pmqa-notifications.png  used on input line 353.
(pdftex.def)             Requested size: 144.54pt x 486.3871pt.
<pmqa-calendar.png, id=82, 209.92714pt x 705.06268pt>
File: pmqa-calendar.png Graphic file (type png)
<use pmqa-calendar.png>
Package pdftex.def Info: pmqa-calendar.png  used on input line 361.
(pdftex.def)             Requested size: 144.54pt x 485.46097pt.
[11 <./pmqa-notifications.png>]
<pmqa-condensed.png, id=87, 45.16875pt x 250.79411pt>
File: pmqa-condensed.png Graphic file (type png)
<use pmqa-condensed.png>
Package pdftex.def Info: pmqa-condensed.png  used on input line 369.
(pdftex.def)             Requested size: 21.68121pt x 120.38362pt.
 [12 <./pmqa-calendar.png> <./pmqa-condensed.png>] ("User Manual.aux")

LaTeX Warning: There were multiply-defined labels.

 )
(\end occurred inside a group at level 3)

### simple group (level 3) entered at line 348 ({)
### simple group (level 2) entered at line 214 ({)
### simple group (level 1) entered at line 189 ({)
### bottom level 
Here is how much of TeX's memory you used:
 2668 strings out of 492973
 39229 string characters out of 3126692
 104593 words of memory out of 3000000
 6459 multiletter control sequences out of 15000+200000
 31599 words of font info for 55 fonts, out of 3000000 for 9000
 1141 hyphenation exceptions out of 8191
 41i,11n,43p,442b,264s stack positions out of 5000i,500n,10000p,200000b,50000s
{C:/Users/konst/AppData/Local/Programs/MiKTeX 2.9/fonts/enc/dvi
ps/base/8r.enc}<C:/Users/konst/AppData/Local/Programs/MiKTeX 2.9/fonts/type1/ur
w/palatino/uplb8a.pfb><C:/Users/konst/AppData/Local/Programs/MiKTeX 2.9/fonts/t
ype1/urw/palatino/uplr8a.pfb>
Output written on "User Manual.pdf" (13 pages, 1119189 bytes).
PDF statistics:
 103 PDF objects out of 1000 (max. 8388607)
 0 named destinations out of 1000 (max. 500000)
 126 words of extra memory for PDF output out of 10000 (max. 10000000)

